<?xml version="1.0" encoding="UTF-8"?>
<testng-results ignored="0" total="1" passed="1" failed="0" skipped="0">
  <reporter-output>
  </reporter-output>
  <suite started-at="2022-01-08T18:08:47 AEDT" name="Default suite" finished-at="2022-01-08T18:08:55 AEDT" duration-ms="8268">
    <groups>
    </groups>
    <test started-at="2022-01-08T18:08:47 AEDT" name="Default test" finished-at="2022-01-08T18:08:55 AEDT" duration-ms="8268">
      <class name="pages.Home">
        <test-method is-config="true" signature="firstStep()[pri:0, instance:pages.Home@631e06ab]" started-at="2022-01-08T18:08:47 AEDT" name="firstStep" finished-at="2022-01-08T18:08:54 AEDT" duration-ms="6965" status="PASS">
          <reporter-output>
          </reporter-output>
        </test-method> <!-- firstStep -->
        <test-method signature="verifyData1()[pri:0, instance:pages.Home@631e06ab]" started-at="2022-01-08T18:08:54 AEDT" name="verifyData1" finished-at="2022-01-08T18:08:55 AEDT" duration-ms="1112" status="PASS">
          <reporter-output>
          </reporter-output>
        </test-method> <!-- verifyData1 -->
        <test-method is-config="true" signature="endOfTest()[pri:0, instance:pages.Home@631e06ab]" started-at="2022-01-08T18:08:55 AEDT" name="endOfTest" finished-at="2022-01-08T18:08:55 AEDT" duration-ms="130" status="PASS">
          <reporter-output>
          </reporter-output>
        </test-method> <!-- endOfTest -->
      </class> <!-- pages.Home -->
    </test> <!-- Default test -->
  </suite> <!-- Default suite -->
</testng-results>
